length: 8
batch_size: 2000
it_time: 1000
dtype: torch.float64
device: cuda:0
lr: 0.01
depth: 4

length: 8
batch_size: 2000
it_time: 1000
dtype: torch.float64
device: cuda:0
lr: 0.01
depth: 2
ancillary_length: 3
ini_way: random

length: 8
batch_size: 2000
it_time: 1000
dtype: torch.float64
device: cuda:0
lr: 0.01
depth: 2
ancillary_length: 3
ini_way: random

length: 8
batch_size: 2000
it_time: 1000
dtype: torch.float64
device: cuda:0
lr: 0.01
depth: 4

length: 8
batch_size: 2000
it_time: 1000
dtype: torch.float64
device: cpu
lr: 0.01
depth: 2
ancillary_length: 3
ini_way: random

length: 8
batch_size: 2000
it_time: 1000
dtype: torch.float64
device: cpu
lr: 0.01
depth: 2
ancillary_length: 3
ini_way: random

length: 8
batch_size: 2000
it_time: 1000
dtype: torch.float64
device: cpu
lr: 0.01
depth: 4

length: 8
batch_size: 2000
it_time: 1000
dtype: torch.float64
device: cpu
lr: 0.01
depth: 2
ancillary_length: 3
ini_way: random

length: 8
batch_size: 2000
it_time: 1000
dtype: torch.float64
device: cpu
lr: 0.01
depth: 4

length: 8
batch_size: 2000
it_time: 1000
dtype: torch.float64
device: cpu
lr: 0.01
depth: 2
ancillary_length: 2
ini_way: random

length: 8
batch_size: 2000
it_time: 1000
dtype: torch.float64
device: cpu
lr: 0.01
depth: 4

length: 8
batch_size: 2000
it_time: 3000
dtype: torch.float64
device: cpu
lr: 0.01
depth: 2
ancillary_length: 2
ini_way: random

length: 8
batch_size: 2000
it_time: 3000
dtype: torch.float64
device: cpu
lr: 0.01
depth: 4

length: 8
batch_size: 2000
it_time: 3000
dtype: torch.float64
device: cpu
lr: 0.01
depth: 2
ancillary_length: 2
ini_way: random

length: 8
batch_size: 2000
it_time: 3000
dtype: torch.float64
device: cpu
lr: 0.01
depth: 4

length: 8
batch_size: 2000
it_time: 3000
dtype: torch.float64
device: cpu
lr: 0.01
depth: 2
ancillary_length: 2
ini_way: random

length: 8
batch_size: 2000
it_time: 3000
dtype: torch.float64
device: cpu
lr: 0.01
depth: 2
ancillary_length: 2
ini_way: random

length: 8
batch_size: 2000
it_time: 3000
dtype: torch.float64
device: cpu
lr: 0.01
depth: 4

length: 8
batch_size: 2000
it_time: 3000
dtype: torch.float64
device: cpu
lr: 0.01
depth: 3
ancillary_length: 2
ini_way: random

length: 8
batch_size: 2000
it_time: 3000
dtype: torch.float64
device: cpu
lr: 0.01
depth: 4

length: 8
batch_size: 2000
it_time: 3000
dtype: torch.float64
device: cpu
lr: 0.01
depth: 3
ancillary_length: 2
ini_way: random

length: 8
batch_size: 2000
it_time: 3000
dtype: torch.float64
device: cpu
lr: 0.01
depth: 4

length: 8
batch_size: 2000
it_time: 3000
dtype: torch.float64
device: cpu
lr: 0.001
depth: 3
ancillary_length: 2
ini_way: random

length: 8
batch_size: 2000
it_time: 3000
dtype: torch.float64
device: cpu
lr: 0.001
depth: 4

length: 8
batch_size: 2000
it_time: 3000
dtype: torch.float64
device: cpu
lr: 0.001
depth: 2
ancillary_length: 2
ini_way: random

length: 8
batch_size: 2000
it_time: 3000
dtype: torch.float64
device: cpu
lr: 0.001
depth: 4

length: 8
batch_size: 2000
it_time: 3000
dtype: torch.float64
device: cpu
lr: 0.001
depth: 2
ancillary_length: 2
ini_way: random

length: 8
batch_size: 2000
it_time: 3000
dtype: torch.float64
device: cpu
lr: 0.005
depth: 2
ancillary_length: 2
ini_way: random

length: 8
batch_size: 2000
it_time: 3000
dtype: torch.float64
device: cpu
lr: 0.005
depth: 2
ancillary_length: 2
ini_way: random

length: 8
batch_size: 2000
it_time: 3000
dtype: torch.float64
device: cpu
lr: 0.005
depth: 3
ancillary_length: 2
ini_way: random

length: 8
batch_size: 2000
it_time: 3000
dtype: torch.float64
device: cpu
lr: 0.005
depth: 4

length: 8
batch_size: 2000
it_time: 2000
dtype: torch.float64
device: cpu
lr: 0.005
depth: 3
ancillary_length: 2
ini_way: random

length: 8
batch_size: 2000
it_time: 2000
dtype: torch.float64
device: cpu
lr: 0.005
depth: 4

length: 8
batch_size: 2000
it_time: 2000
dtype: torch.float64
device: cpu
lr: 0.005
depth: 3
ancillary_length: 2
ini_way: random

length: 8
batch_size: 2000
it_time: 2000
dtype: torch.float64
device: cpu
lr: 0.005
depth: 4

length: 8
batch_size: 2000
it_time: 1000
dtype: torch.float64
device: cpu
lr: 0.005
depth: 3
ancillary_length: 2
ini_way: random

length: 8
batch_size: 2000
it_time: 1000
dtype: torch.float64
device: cpu
lr: 0.005
depth: 4

length: 8
batch_size: 2000
it_time: 1000
dtype: torch.float64
device: cpu
lr: 0.005
depth: 4
ancillary_length: 2
ini_way: random

length: 8
batch_size: 2000
it_time: 1000
dtype: torch.float64
device: cpu
lr: 0.005
depth: 4
ancillary_length: 2
ini_way: random

length: 8
batch_size: 2000
it_time: 1000
dtype: torch.float64
device: cpu
lr: 0.005
depth: 4

length: 8
batch_size: 2000
it_time: 1000
dtype: torch.float64
device: cpu
lr: 0.005
depth: 4
ancillary_length: 2
ini_way: random

length: 8
batch_size: 2000
it_time: 1000
dtype: torch.float64
device: cpu
lr: 0.005
depth: 4

